
**** Build of configuration Debug for project Final Project ****

"C:\\ti\\ccsv7\\utils\\bin\\gmake" -k -j 4 all -O 
 
'Building file: "../main.c"'
'Invoking: ARM Compiler'
"C:/ti/ccsv7/tools/compiler/ti-cgt-arm_16.9.6.LTS/bin/armcl" -mv7M4 --code_state=16 --float_support=FPv4SPD16 -me --include_path="C:/Users/Tom/Documents/GitHub/LabGroupB7/ECE 266 Labs/Final Project" --include_path="C:/ti/TivaWare_C_Series-2.1.4.178" --include_path="C:/Users/Tom/Documents/GitHub/LabGroupB7/ECE 266 Labs/Util" --include_path="C:/ti/ccsv7/tools/compiler/ti-cgt-arm_16.9.6.LTS/include" --define=ccs="ccs" --define=PART_TM4C123GH6PM -g --gcc --diag_warning=225 --diag_wrap=off --display_error_number --abi=eabi --preproc_with_compile --preproc_dependency="main.d_raw"  "../main.c"

>> Compilation failure
subdir_rules.mk:30: recipe for target 'main.obj' failed
"..\light.h", line 14: warning #1-D: last line of file ends without a newline
"../main.c", line 26: error #20: identifier "pwm_t" is undefined
"../main.c", line 113: error #20: identifier "count" is undefined
"../main.c", line 119: error #20: identifier "count" is undefined
"../main.c", line 142: error #20: identifier "pwm_t" is undefined
"../main.c", line 143: error #20: identifier "pwm_t" is undefined
"../main.c", line 144: error #20: identifier "pwm_t" is undefined
"../main.c", line 145: error #20: identifier "pwm_t" is undefined
"../main.c", line 146: warning #225-D: function "pwmledSetColor" declared implicitly
"../main.c", line 164: error #71: incomplete type is not allowed
"../main.c", line 166: error #150: variable "daySongs" has already been initialized
"../main.c", line 168: error #71: incomplete type is not allowed
"../main.c", line 175: error #29: expected an expression
"../main.c", line 176: error #20: identifier "count" is undefined
"../main.c", line 178: warning #225-D: function "strlen" declared implicitly
"../main.c", line 178: error #29: expected an expression
"../main.c", line 183: error #128: expected a statement
"../main.c", line 192: warning #12-D: parsing restarts here after previous syntax error
"../main.c", line 214: warning #225-D: function "pwmledInit" declared implicitly
14 errors detected in the compilation of "../main.c".
gmake: *** [main.obj] Error 1
'Building file: "../light.c"'
'Invoking: ARM Compiler'
"C:/ti/ccsv7/tools/compiler/ti-cgt-arm_16.9.6.LTS/bin/armcl" -mv7M4 --code_state=16 --float_support=FPv4SPD16 -me --include_path="C:/Users/Tom/Documents/GitHub/LabGroupB7/ECE 266 Labs/Final Project" --include_path="C:/ti/TivaWare_C_Series-2.1.4.178" --include_path="C:/Users/Tom/Documents/GitHub/LabGroupB7/ECE 266 Labs/Util" --include_path="C:/ti/ccsv7/tools/compiler/ti-cgt-arm_16.9.6.LTS/include" --define=ccs="ccs" --define=PART_TM4C123GH6PM -g --gcc --diag_warning=225 --diag_wrap=off --display_error_number --abi=eabi --preproc_with_compile --preproc_dependency="light.d_raw"  "../light.c"
3 Assembly Errors, No Assembly Warnings

>> Compilation failure
subdir_rules.mk:23: recipe for target 'light.obj' failed
"..\light.h", line 14: warning #1-D: last line of file ends without a newline
"../light.c", line 32: warning #121-D: return value type does not match the function type
"../light.c", line 57: warning #994-D: missing return statement at end of non-void function "lightGet"
warning: "../light.c", line 51: Assembly statement "LDR   r0, ROTARY_PORT
   MOV   r1, #0
   SUB   SP, #4
   MOV   r2, sp
   BL    ADCSequenceDataGet
   POP {r0, pc}
   " creates a label, which may not be what was intended. Use a colon after a label or a space before a non-label to silence the warning.
warning: "../light.c", line 51: Assembly statement "LDR   r0, ROTARY_PORT
   MOV   r1, #0
   SUB   SP, #4
   MOV   r2, sp
   BL    ADCSequenceDataGet
   POP {r0, pc}
   " creates a label, which may not be what was intended. Use a colon after a label or a space before a non-label to silence the warning.
"C:\Users\Tom\AppData\Local\Temp\{B91F187F-C528-4BAB-806C-90C51D34D48C}", ERROR!   at line 363: [E0002] Illegal mnemonic specified
	LDR   r0, ROTARY_PORT

"C:\Users\Tom\AppData\Local\Temp\{B91F187F-C528-4BAB-806C-90C51D34D48C}", ERROR!   at line 367: [E0001] Undefined symbol
		BL    ADCSequenceDataGet

"C:\Users\Tom\AppData\Local\Temp\{B91F187F-C528-4BAB-806C-90C51D34D48C}", ERROR!   at EOF: [E0300] The following symbols are undefined:
  ADCSequenceDataGet

Errors in Source - Assembler Aborted
gmake: *** [light.obj] Error 1
gmake: Target 'all' not remade because of errors.

**** Build Finished ****
